<?xml version="1.0" encoding="UTF-8"?>
<!-- Generated by org.testng.reporters.JUnitXMLReporter -->
<testsuite hostname="LAPTOP-FKB5RQA2" ignored="1" name="Default test" tests="1" failures="0" timestamp="12 Dec 2018 23:50:46 GMT" time="5.359" errors="0">
  <testcase name="validateLink" time="0.787" classname="com.origin.tests.HomePageTest"/>
  <testcase name="validateHomePage" time="0.0" classname="com.origin.tests.HomePageTest">
    <ignored/>
  </testcase> <!-- validateHomePage -->
</testsuite> <!-- Default test -->
